0 info it worked if it ends with ok
1 verbose cli [ 'node', '/usr/local/bin/npm', 'run', 'build:css' ]
2 info using npm@1.4.15
3 info using node@v0.10.28
4 verbose node symlink /usr/local/bin/node
5 verbose run-script [ 'prebuild:css', 'build:css', 'postbuild:css' ]
6 info prebuild:css minimal-mistakes@3.2.9
7 info build:css minimal-mistakes@3.2.9
8 verbose unsafe-perm in lifecycle true
9 info minimal-mistakes@3.2.9 Failed to exec build:css script
10 error minimal-mistakes@3.2.9 build:css: `npm run scss && npm run autoprefixer`
10 error Exit status 1
11 error Failed at the minimal-mistakes@3.2.9 build:css script.
11 error This is most likely a problem with the minimal-mistakes package,
11 error not with npm itself.
11 error Tell the author that this fails on your system:
11 error     npm run scss && npm run autoprefixer
11 error You can get their info via:
11 error     npm owner ls minimal-mistakes
11 error There is likely additional logging output above.
12 error System Darwin 14.5.0
13 error command "node" "/usr/local/bin/npm" "run" "build:css"
14 error cwd /Users/louismccormack/src/spaceape/minimal-mistakes
15 error node -v v0.10.28
16 error npm -v 1.4.15
17 error code ELIFECYCLE
18 verbose exit [ 1, true ]
